mode: set
D:\Icortez\repo\testfif2\funciones.go:11.62,17.23 4 1
D:\Icortez\repo\testfif2\funciones.go:22.2,28.19 3 1
D:\Icortez\repo\testfif2\funciones.go:33.2,34.19 2 1
D:\Icortez\repo\testfif2\funciones.go:38.2,40.50 2 1
D:\Icortez\repo\testfif2\funciones.go:66.2,66.22 1 1
D:\Icortez\repo\testfif2\funciones.go:17.23,20.3 2 1
D:\Icortez\repo\testfif2\funciones.go:28.19,30.3 1 1
D:\Icortez\repo\testfif2\funciones.go:34.19,36.3 1 1
D:\Icortez\repo\testfif2\funciones.go:40.50,42.35 2 1
D:\Icortez\repo\testfif2\funciones.go:42.35,45.21 2 1
D:\Icortez\repo\testfif2\funciones.go:51.4,52.21 2 1
D:\Icortez\repo\testfif2\funciones.go:56.4,58.65 2 1
D:\Icortez\repo\testfif2\funciones.go:45.21,47.5 1 1
D:\Icortez\repo\testfif2\funciones.go:52.21,54.5 1 1
D:\Icortez\repo\testfif2\funciones.go:58.65,60.5 1 1
D:\Icortez\repo\testfif2\funciones.go:60.10,62.5 1 1
D:\Icortez\repo\testfif2\funciones.go:69.91,76.16 5 1
D:\Icortez\repo\testfif2\funciones.go:81.2,84.39 3 1
D:\Icortez\repo\testfif2\funciones.go:76.16,79.3 2 1
D:\Icortez\repo\testfif2\funciones.go:88.51,93.19 2 1
D:\Icortez\repo\testfif2\funciones.go:97.2,97.40 1 1
D:\Icortez\repo\testfif2\funciones.go:103.2,103.11 1 1
D:\Icortez\repo\testfif2\funciones.go:93.19,95.3 1 1
D:\Icortez\repo\testfif2\funciones.go:97.40,99.17 2 1
D:\Icortez\repo\testfif2\funciones.go:99.17,101.4 1 1
D:\Icortez\repo\testfif2\test2.go:7.13,10.15 3 0
D:\Icortez\repo\testfif2\test2.go:10.15,12.3 1 0
D:\Icortez\repo\testfif2\test2.go:12.8,14.3 1 0
